<?xml version="1.0" encoding="UTF-8"?>
<!-- Generated by org.testng.reporters.JUnitReportReporter -->
<testsuite hostname="NIYATI" name="testcases.TestLogin" tests="2" failures="0" timestamp="9 Feb 2020 14:22:03 GMT" time="23.320" errors="0">
  <testcase name="Azimuth_maintenance" time="16.943" classname="testcases.TestLogin"/>
  <testcase name="Login" time="6.377" classname="testcases.TestLogin"/>
</testsuite> <!-- testcases.TestLogin -->
